TN:
SF:src\api\feria\feriaController.ts
FN:5,(anonymous_0)
FN:15,(anonymous_1)
FN:26,(anonymous_2)
FNF:3
FNH:2
FNDA:2,(anonymous_0)
FNDA:0,(anonymous_1)
FNDA:2,(anonymous_2)
DA:2,1
DA:3,1
DA:5,1
DA:6,2
DA:7,2
DA:8,2
DA:9,1
DA:11,1
DA:15,1
DA:16,0
DA:20,0
DA:26,1
DA:27,2
DA:28,2
DA:29,1
DA:31,1
LF:16
LH:14
BRF:0
BRH:0
end_of_record
TN:
SF:src\domain\feria\feria.ts
FN:9,(anonymous_0)
FNF:1
FNH:1
FNDA:20,(anonymous_0)
DA:1,4
DA:10,20
DA:11,3
DA:13,17
LF:4
LH:4
BRDA:10,0,0,3
BRDA:10,1,0,20
BRDA:10,1,1,18
BRF:3
BRH:3
end_of_record
TN:
SF:src\domain\feria\feriaService.ts
FN:6,(anonymous_0)
FN:27,(anonymous_1)
FNF:2
FNH:2
FNDA:2,(anonymous_0)
FNDA:2,(anonymous_1)
DA:1,1
DA:4,1
DA:7,2
DA:8,2
DA:9,1
DA:11,1
DA:28,2
DA:29,2
DA:30,1
DA:32,1
DA:36,1
LF:11
LH:11
BRDA:8,0,0,1
BRDA:29,1,0,1
BRF:2
BRH:2
end_of_record
TN:
SF:src\infra\entities\feriaEntity.ts
FNF:0
FNH:0
DA:1,2
DA:4,2
DA:6,2
DA:9,2
DA:12,2
DA:15,2
DA:18,2
DA:21,2
LF:8
LH:8
BRDA:21,0,0,2
BRDA:21,0,1,0
BRDA:21,1,0,2
BRDA:21,1,1,2
BRF:4
BRH:3
end_of_record
TN:
SF:src\infra\mappers\feriaMapper.ts
FN:4,(anonymous_0)
FN:13,(anonymous_1)
FNF:2
FNH:2
FNDA:4,(anonymous_0)
FNDA:5,(anonymous_1)
DA:1,2
DA:3,2
DA:5,4
DA:6,4
DA:7,4
DA:8,4
DA:9,4
DA:10,4
DA:11,4
DA:14,5
LF:10
LH:10
BRF:0
BRH:0
end_of_record
TN:
SF:src\infra\repositories\feriaRepository.ts
FN:6,(anonymous_0)
FN:8,crearFeriaRepo
FN:16,buscarFeria
FN:24,obtenerCantidadRepo
FNF:4
FNH:4
FNDA:5,(anonymous_0)
FNDA:1,crearFeriaRepo
FNDA:2,buscarFeria
FNDA:2,obtenerCantidadRepo
DA:1,1
DA:3,1
DA:4,1
DA:6,5
DA:8,1
DA:9,1
DA:10,1
DA:11,1
DA:12,1
DA:13,1
DA:16,1
DA:17,2
DA:18,2
DA:19,2
DA:20,2
DA:21,1
DA:24,1
DA:25,2
DA:26,2
DA:27,2
DA:30,1
LF:21
LH:21
BRDA:20,0,0,1
BRF:1
BRH:1
end_of_record
