TN:
SF:src\api\feria\feriaController.ts
FN:5,(anonymous_0)
FN:16,(anonymous_1)
FN:26,(anonymous_2)
FN:38,(anonymous_3)
FN:49,(anonymous_4)
FNF:5
FNH:2
FNDA:2,(anonymous_0)
FNDA:0,(anonymous_1)
FNDA:0,(anonymous_2)
FNDA:0,(anonymous_3)
FNDA:2,(anonymous_4)
DA:2,1
DA:3,1
DA:5,1
DA:6,2
DA:7,2
DA:8,2
DA:9,1
DA:10,0
DA:12,2
DA:16,1
DA:17,0
DA:18,0
DA:19,0
DA:20,0
DA:22,0
DA:26,1
DA:27,0
DA:28,0
DA:29,0
DA:30,0
DA:31,0
DA:33,0
DA:38,1
DA:39,0
DA:43,0
DA:49,1
DA:50,2
DA:51,2
DA:52,1
DA:54,1
LF:30
LH:16
BRF:0
BRH:0
end_of_record
TN:
SF:src\domain\feria\feria.ts
FN:9,(anonymous_0)
FNF:1
FNH:1
FNDA:26,(anonymous_0)
DA:1,4
DA:10,26
DA:11,3
DA:13,23
DA:14,23
DA:15,23
DA:16,23
LF:7
LH:7
BRDA:10,0,0,3
BRDA:10,1,0,26
BRDA:10,1,1,24
BRF:3
BRH:3
end_of_record
TN:
SF:src\domain\feria\feriaService.ts
FN:6,(anonymous_0)
FN:14,(anonymous_1)
FN:23,(anonymous_2)
FN:46,(anonymous_3)
FNF:4
FNH:4
FNDA:2,(anonymous_0)
FNDA:2,(anonymous_1)
FNDA:2,(anonymous_2)
FNDA:2,(anonymous_3)
DA:1,1
DA:4,1
DA:7,2
DA:8,2
DA:9,1
DA:11,1
DA:16,2
DA:17,2
DA:18,1
DA:20,1
DA:25,2
DA:26,2
DA:27,1
DA:29,1
DA:47,2
DA:48,2
DA:49,1
DA:51,1
DA:55,1
LF:19
LH:19
BRDA:8,0,0,1
BRDA:17,1,0,1
BRDA:17,2,0,2
BRDA:17,2,1,2
BRDA:26,3,0,1
BRDA:48,4,0,1
BRF:6
BRH:6
end_of_record
TN:
SF:src\infra\entities\feriaEntity.ts
FNF:0
FNH:0
DA:1,2
DA:4,2
DA:6,2
DA:9,2
DA:12,2
DA:15,2
DA:18,2
DA:21,2
LF:8
LH:8
BRDA:21,0,0,2
BRDA:21,0,1,0
BRDA:21,1,0,2
BRDA:21,1,1,2
BRF:4
BRH:3
end_of_record
TN:
SF:src\infra\mappers\feriaMapper.ts
FN:4,(anonymous_0)
FN:13,(anonymous_1)
FNF:2
FNH:2
FNDA:2,(anonymous_0)
FNDA:2,(anonymous_1)
DA:1,1
DA:3,1
DA:5,2
DA:6,2
DA:7,2
DA:8,2
DA:9,2
DA:10,2
DA:11,2
DA:14,2
LF:10
LH:10
BRF:0
BRH:0
end_of_record
TN:
SF:src\infra\repositories\feriaRepository.ts
FN:6,(anonymous_0)
FN:8,crearFeriaRepo
FN:16,obtenerFeriaPorNombre
FN:24,obtenerFeriaPorId
FN:31,obtenerFerias
FN:37,obtenerCantidadRepo
FNF:6
FNH:6
FNDA:9,(anonymous_0)
FNDA:1,crearFeriaRepo
FNDA:2,obtenerFeriaPorNombre
FNDA:2,obtenerFeriaPorId
FNDA:2,obtenerFerias
FNDA:2,obtenerCantidadRepo
DA:1,1
DA:3,1
DA:4,1
DA:6,9
DA:8,1
DA:9,1
DA:10,1
DA:11,1
DA:12,1
DA:13,1
DA:16,1
DA:17,2
DA:18,2
DA:19,2
DA:20,2
DA:21,1
DA:24,1
DA:25,2
DA:26,2
DA:27,2
DA:28,1
DA:31,1
DA:32,2
DA:33,2
DA:34,2
DA:37,1
DA:38,2
DA:39,2
DA:40,2
DA:43,1
LF:30
LH:30
BRDA:20,0,0,1
BRDA:27,1,0,1
BRF:2
BRH:2
end_of_record
